TN:
SF:./src/js-graph.js
FN:9,(anonymous_1)
FN:17,(anonymous_2)
FN:25,JsGraph
FN:69,(anonymous_4)
FN:81,(anonymous_5)
FN:89,(anonymous_6)
FN:95,(anonymous_7)
FN:106,(anonymous_8)
FN:123,(anonymous_9)
FN:128,(anonymous_10)
FN:131,(anonymous_11)
FN:137,(anonymous_12)
FN:143,(anonymous_13)
FN:167,(anonymous_14)
FN:187,(anonymous_15)
FN:197,(anonymous_16)
FN:205,(anonymous_17)
FN:221,(anonymous_18)
FN:229,(anonymous_19)
FN:235,(anonymous_20)
FN:246,(anonymous_21)
FN:258,(anonymous_22)
FN:268,(anonymous_23)
FN:273,(anonymous_24)
FN:278,(anonymous_25)
FN:286,(anonymous_26)
FN:291,(anonymous_27)
FN:299,(anonymous_28)
FN:307,(anonymous_29)
FN:308,(anonymous_30)
FN:314,(anonymous_31)
FN:319,(anonymous_32)
FN:325,(anonymous_33)
FN:330,(anonymous_34)
FN:336,(anonymous_35)
FN:337,(anonymous_36)
FN:338,(anonymous_37)
FN:345,(anonymous_38)
FN:350,(anonymous_39)
FN:355,(anonymous_40)
FN:364,hasPathAux
FN:370,(anonymous_42)
FN:382,(anonymous_43)
FN:386,visit
FN:403,(anonymous_45)
FN:418,set2dObj
FN:431,Callbacks
FN:435,(anonymous_48)
FN:439,removeCallback
FN:447,(anonymous_50)
FN:449,(anonymous_51)
FN:462,newError
FN:471,(anonymous_53)
FN:474,refreshMessage
FN:480,(anonymous_55)
FN:493,(anonymous_56)
FN:496,refreshMessage
FN:502,(anonymous_58)
FN:515,(anonymous_59)
FN:518,refreshMessage
FN:521,(anonymous_61)
FN:522,(anonymous_62)
FN:532,(anonymous_63)
FN:545,(anonymous_64)
FN:548,refreshMessage
FN:551,(anonymous_66)
FN:552,(anonymous_67)
FN:562,(anonymous_68)
FN:575,(anonymous_69)
FN:581,(anonymous_70)
FNF:70
FNH:70
FNDA:1,(anonymous_1)
FNDA:1,(anonymous_2)
FNDA:209,JsGraph
FNDA:1069,(anonymous_4)
FNDA:12,(anonymous_5)
FNDA:109,(anonymous_6)
FNDA:8,(anonymous_7)
FNDA:62,(anonymous_8)
FNDA:47,(anonymous_9)
FNDA:27,(anonymous_10)
FNDA:14,(anonymous_11)
FNDA:7,(anonymous_12)
FNDA:45,(anonymous_13)
FNDA:877,(anonymous_14)
FNDA:52,(anonymous_15)
FNDA:19,(anonymous_16)
FNDA:11,(anonymous_17)
FNDA:15,(anonymous_18)
FNDA:16,(anonymous_19)
FNDA:40,(anonymous_20)
FNDA:65,(anonymous_21)
FNDA:61,(anonymous_22)
FNDA:33,(anonymous_23)
FNDA:6095,(anonymous_24)
FNDA:140,(anonymous_25)
FNDA:36,(anonymous_26)
FNDA:1388,(anonymous_27)
FNDA:141,(anonymous_28)
FNDA:227,(anonymous_29)
FNDA:1117,(anonymous_30)
FNDA:83,(anonymous_31)
FNDA:61,(anonymous_32)
FNDA:76,(anonymous_33)
FNDA:42,(anonymous_34)
FNDA:215,(anonymous_35)
FNDA:1070,(anonymous_36)
FNDA:856,(anonymous_37)
FNDA:3,(anonymous_38)
FNDA:8,(anonymous_39)
FNDA:22,(anonymous_40)
FNDA:46,hasPathAux
FNDA:30,(anonymous_42)
FNDA:7,(anonymous_43)
FNDA:42,visit
FNDA:22,(anonymous_45)
FNDA:6,set2dObj
FNDA:836,Callbacks
FNDA:33,(anonymous_48)
FNDA:6,removeCallback
FNDA:2055,(anonymous_50)
FNDA:16,(anonymous_51)
FNDA:6,newError
FNDA:2,(anonymous_53)
FNDA:4,refreshMessage
FNDA:2,(anonymous_55)
FNDA:14,(anonymous_56)
FNDA:31,refreshMessage
FNDA:17,(anonymous_58)
FNDA:4,(anonymous_59)
FNDA:8,refreshMessage
FNDA:8,(anonymous_61)
FNDA:8,(anonymous_62)
FNDA:4,(anonymous_63)
FNDA:2,(anonymous_64)
FNDA:4,refreshMessage
FNDA:4,(anonymous_66)
FNDA:4,(anonymous_67)
FNDA:2,(anonymous_68)
FNDA:6,(anonymous_69)
FNDA:4,(anonymous_70)
DA:9,1
DA:10,1
DA:11,1
DA:12,0
DA:13,0
DA:15,0
DA:25,1
DA:28,209
DA:36,209
DA:38,209
DA:40,209
DA:42,209
DA:44,209
DA:57,209
DA:58,209
DA:63,209
DA:64,209
DA:69,209
DA:70,1069
DA:71,2
DA:74,1067
DA:75,1067
DA:76,1067
DA:77,1067
DA:78,1067
DA:81,209
DA:82,12
DA:83,1
DA:86,11
DA:89,209
DA:90,109
DA:91,51
DA:95,209
DA:96,8
DA:97,4
DA:99,4
DA:106,209
DA:107,62
DA:108,1
DA:110,61
DA:111,4
DA:113,57
DA:114,2
DA:117,55
DA:118,55
DA:119,55
DA:120,55
DA:123,209
DA:124,47
DA:125,1
DA:128,46
DA:129,27
DA:131,46
DA:132,14
DA:134,46
DA:137,209
DA:138,7
DA:139,5
DA:143,209
DA:144,45
DA:145,43
DA:155,209
DA:156,209
DA:161,209
DA:162,209
DA:167,209
DA:168,877
DA:169,2
DA:171,875
DA:172,4
DA:173,2
DA:175,2
DA:177,871
DA:178,2
DA:181,869
DA:182,869
DA:183,869
DA:184,869
DA:187,209
DA:188,52
DA:189,2
DA:192,50
DA:193,50
DA:194,50
DA:197,209
DA:198,19
DA:199,1
DA:202,18
DA:205,209
DA:206,11
DA:207,2
DA:208,1
DA:210,1
DA:212,9
DA:213,1
DA:216,8
DA:217,3
DA:221,209
DA:222,15
DA:223,4
DA:225,11
DA:229,209
DA:230,16
DA:231,9
DA:235,209
DA:236,40
DA:237,6
DA:239,34
DA:246,209
DA:247,65
DA:248,1
DA:251,64
DA:252,64
DA:253,64
DA:254,64
DA:255,64
DA:258,209
DA:259,61
DA:260,57
DA:268,209
DA:269,33
DA:273,209
DA:274,6095
DA:278,209
DA:279,140
DA:286,209
DA:287,36
DA:291,209
DA:292,1388
DA:299,209
DA:300,141
DA:307,209
DA:308,227
DA:309,1117
DA:314,209
DA:315,83
DA:316,1
DA:319,82
DA:320,61
DA:325,209
DA:326,76
DA:327,1
DA:330,75
DA:331,42
DA:336,209
DA:337,215
DA:338,1070
DA:339,856
DA:345,209
DA:346,3
DA:350,209
DA:351,8
DA:355,209
DA:356,22
DA:357,2
DA:360,20
DA:364,1
DA:365,46
DA:366,13
DA:368,33
DA:369,33
DA:370,33
DA:371,30
DA:372,14
DA:375,33
DA:376,33
DA:379,20
DA:382,209
DA:383,7
DA:384,7
DA:386,1
DA:387,42
DA:389,42
DA:390,42
DA:391,4
DA:392,4
DA:395,38
DA:396,26
DA:397,18
DA:400,30
DA:403,7
DA:404,22
DA:405,18
DA:418,1
DA:419,6
DA:420,6
DA:422,6
DA:431,1
DA:433,836
DA:435,836
DA:436,33
DA:437,32
DA:439,33
DA:440,6
DA:441,6
DA:442,5
DA:447,836
DA:448,2055
DA:449,2055
DA:450,16
DA:462,1
DA:464,6
DA:465,6
DA:466,6
DA:467,6
DA:471,1
DA:472,2
DA:474,1
DA:475,4
DA:480,2
DA:481,2
DA:482,2
DA:483,2
DA:486,2
DA:487,2
DA:489,2
DA:493,1
DA:494,14
DA:496,1
DA:497,31
DA:502,14
DA:503,17
DA:504,17
DA:505,17
DA:508,14
DA:509,14
DA:511,14
DA:515,1
DA:516,4
DA:518,1
DA:519,8
DA:521,8
DA:522,8
DA:523,8
DA:527,8
DA:532,4
DA:533,4
DA:534,4
DA:535,4
DA:538,4
DA:539,4
DA:541,4
DA:545,1
DA:546,2
DA:548,1
DA:549,4
DA:551,4
DA:552,4
DA:553,4
DA:557,4
DA:562,2
DA:563,2
DA:564,2
DA:565,2
DA:568,2
DA:569,2
DA:571,2
DA:575,1
DA:576,6
DA:577,6
DA:581,1
DA:582,4
DA:583,4
DA:590,1
LF:264
LH:261
BRDA:10,1,0,1
BRDA:10,1,1,0
BRDA:10,2,0,1
BRDA:10,2,1,1
BRDA:12,3,0,0
BRDA:12,3,1,0
BRDA:70,4,0,2
BRDA:70,4,1,1067
BRDA:82,5,0,1
BRDA:82,5,1,11
BRDA:90,6,0,51
BRDA:90,6,1,58
BRDA:96,7,0,4
BRDA:96,7,1,4
BRDA:107,8,0,1
BRDA:107,8,1,61
BRDA:110,9,0,4
BRDA:110,9,1,57
BRDA:113,10,0,2
BRDA:113,10,1,55
BRDA:124,11,0,1
BRDA:124,11,1,46
BRDA:138,12,0,5
BRDA:138,12,1,2
BRDA:144,13,0,43
BRDA:144,13,1,2
BRDA:168,14,0,2
BRDA:168,14,1,875
BRDA:171,15,0,4
BRDA:171,15,1,871
BRDA:172,16,0,2
BRDA:172,16,1,2
BRDA:177,17,0,2
BRDA:177,17,1,869
BRDA:188,18,0,2
BRDA:188,18,1,50
BRDA:198,19,0,1
BRDA:198,19,1,18
BRDA:206,20,0,2
BRDA:206,20,1,9
BRDA:207,21,0,1
BRDA:207,21,1,1
BRDA:212,22,0,1
BRDA:212,22,1,8
BRDA:216,23,0,3
BRDA:216,23,1,5
BRDA:222,24,0,4
BRDA:222,24,1,11
BRDA:230,25,0,9
BRDA:230,25,1,7
BRDA:236,26,0,6
BRDA:236,26,1,34
BRDA:247,27,0,1
BRDA:247,27,1,64
BRDA:259,28,0,57
BRDA:259,28,1,4
BRDA:292,29,0,1388
BRDA:292,29,1,1336
BRDA:292,29,2,1298
BRDA:292,29,3,1298
BRDA:300,30,0,134
BRDA:300,30,1,7
BRDA:315,31,0,1
BRDA:315,31,1,82
BRDA:326,32,0,1
BRDA:326,32,1,75
BRDA:356,33,0,2
BRDA:356,33,1,20
BRDA:356,34,0,22
BRDA:356,34,1,20
BRDA:365,35,0,13
BRDA:365,35,1,33
BRDA:371,36,0,14
BRDA:371,36,1,16
BRDA:371,37,0,30
BRDA:371,37,1,27
BRDA:371,37,2,26
BRDA:390,38,0,4
BRDA:390,38,1,38
BRDA:395,39,0,26
BRDA:395,39,1,12
BRDA:404,40,0,18
BRDA:404,40,1,4
BRDA:419,41,0,6
BRDA:419,41,1,0
BRDA:436,42,0,32
BRDA:436,42,1,1
BRDA:441,43,0,5
BRDA:441,43,1,1
BRDA:476,44,0,0
BRDA:476,44,1,4
BRDA:498,45,0,0
BRDA:498,45,1,31
BRDA:528,46,0,8
BRDA:528,46,1,0
BRDA:558,47,0,4
BRDA:558,47,1,0
BRF:97
BRH:89
end_of_record
